<?xml version="1.0" encoding="UTF-8"?>
<!-- Generated by org.testng.reporters.JUnitReportReporter -->
<testsuite skipped="0" hostname="DESKTOP-U1DAVFE" name="com.jyoti.Program4ParrallelEx1" tests="3" failures="0" timestamp="30 Jun 2020 19:34:23 GMT" time="0.006" errors="0">
  <testcase name="testCaseForSubstraction" time="0.001" classname="com.jyoti.Program4ParrallelEx1"/>
  <testcase name="testCaseForMultiplication" time="0.003" classname="com.jyoti.Program4ParrallelEx1"/>
  <testcase name="testCaseForAddition" time="0.002" classname="com.jyoti.Program4ParrallelEx1"/>
</testsuite> <!-- com.jyoti.Program4ParrallelEx1 -->
