<?xml version="1.0" encoding="UTF-8"?>
<!-- Generated by org.testng.reporters.JUnitReportReporter -->
<testsuite skipped="0" hostname="DESKTOP-U1DAVFE" name="com.jyoti.Problem2" tests="14" failures="0" timestamp="30 Jun 2020 19:34:23 GMT" time="0.029" errors="0">
  <testcase name="testCaseModulation" time="0.001" classname="com.jyoti.Problem2"/>
  <testcase name="multiplication" time="0.001" classname="com.jyoti.Problem2"/>
  <testcase name="division" time="0.002" classname="com.jyoti.Problem2"/>
  <testcase name="substraction" time="0.001" classname="com.jyoti.Problem2"/>
  <testcase name="testCaseExp" time="0.002" classname="com.jyoti.Problem2"/>
  <testcase name="substraction" time="0.008" classname="com.jyoti.Problem2"/>
  <testcase name="addition" time="0.002" classname="com.jyoti.Problem2"/>
  <testcase name="testCaseExp" time="0.002" classname="com.jyoti.Problem2"/>
  <testcase name="division" time="0.002" classname="com.jyoti.Problem2"/>
  <testcase name="addition" time="0.002" classname="com.jyoti.Problem2"/>
  <testcase name="teseCaseForNegate" time="0.002" classname="com.jyoti.Problem2"/>
  <testcase name="multiplication" time="0.001" classname="com.jyoti.Problem2"/>
  <testcase name="testCaseModulation" time="0.002" classname="com.jyoti.Problem2"/>
  <testcase name="teseCaseForInverse" time="0.001" classname="com.jyoti.Problem2"/>
</testsuite> <!-- com.jyoti.Problem2 -->
