<?xml version="1.0" encoding="UTF-8"?>
<!-- Generated by org.testng.reporters.JUnitReportReporter -->
<testsuite skipped="0" hostname="DESKTOP-U1DAVFE" name="com.jyoti.Problem1" tests="8" failures="0" timestamp="30 Jun 2020 19:40:35 GMT" time="0.047" errors="0">
  <testcase name="testCaseExp" time="0.004" classname="com.jyoti.Problem1"/>
  <testcase name="teseCaseForNegate" time="0.004" classname="com.jyoti.Problem1"/>
  <testcase name="teseCaseForInverse" time="0.027" classname="com.jyoti.Problem1"/>
  <testcase name="testCaseForAddition" time="0.003" classname="com.jyoti.Problem1"/>
  <testcase name="testCaseForMultiplication" time="0.003" classname="com.jyoti.Problem1"/>
  <testcase name="testCaseModulation" time="0.001" classname="com.jyoti.Problem1"/>
  <testcase name="testCaseForSubstraction" time="0.003" classname="com.jyoti.Problem1"/>
  <testcase name="testCaseForDivision" time="0.002" classname="com.jyoti.Problem1"/>
</testsuite> <!-- com.jyoti.Problem1 -->
