<?xml version="1.0" encoding="UTF-8"?>
<!-- Generated by org.testng.reporters.JUnitReportReporter -->
<testsuite skipped="0" hostname="DESKTOP-U1DAVFE" name="com.jyoti.Problem5" tests="8" failures="0" timestamp="30 Jun 2020 19:40:47 GMT" time="0.033" errors="0">
  <testcase name="teseCaseForInverse" time="0.015" classname="com.jyoti.Problem5"/>
  <testcase name="testCaseModulation" time="0.002" classname="com.jyoti.Problem5"/>
  <testcase name="testCaseExp" time="0.002" classname="com.jyoti.Problem5"/>
  <testcase name="testCaseForAddition" time="0.006" classname="com.jyoti.Problem5"/>
  <testcase name="testCaseForMultiplication" time="0.002" classname="com.jyoti.Problem5"/>
  <testcase name="teseCaseForNegate" time="0.003" classname="com.jyoti.Problem5"/>
  <testcase name="testCaseForSubstraction" time="0.002" classname="com.jyoti.Problem5"/>
  <testcase name="testCaseForDivision" time="0.001" classname="com.jyoti.Problem5"/>
</testsuite> <!-- com.jyoti.Problem5 -->
